<?xml version="1.0" encoding="UTF-8"?>
<!-- Generated by org.testng.reporters.JUnitReportReporter -->
<testsuite hostname="LAPTOP-NRPB8H72" failures="0" tests="1" name="TestCases.Login_TC_02" time="2.538" errors="0" timestamp="2022-03-31T14:50:50 IST" skipped="0">
  <testcase classname="TestCases.Login_TC_02" name="loginVerifyText" time="2.538"/>
  <system-out/>
</testsuite> <!-- TestCases.Login_TC_02 -->
