<?xml version="1.0" encoding="UTF-8"?>
<!-- Generated by org.testng.reporters.JUnitReportReporter -->
<testsuite hostname="LAPTOP-NRPB8H72" failures="0" tests="1" name="TestCases.Extent_Report" time="1.422" errors="0" timestamp="2022-03-31T14:29:35 IST" skipped="0">
  <testcase classname="TestCases.Extent_Report" name="loginTest" time="1.422"/>
  <system-out/>
</testsuite> <!-- TestCases.Extent_Report -->
