<?xml version="1.0" encoding="UTF-8"?>
<!-- Generated by org.testng.reporters.JUnitReportReporter -->
<testsuite hostname="LAPTOP-NRPB8H72" failures="0" tests="13" name="TestCases.SampleExtentreport" time="186.991" errors="0" timestamp="2022-04-05T21:03:17 IST" skipped="0">
  <testcase classname="TestCases.SampleExtentreport" name="verifyLogin1" time="12.987"/>
  <system-out/>
  <testcase classname="TestCases.SampleExtentreport" name="verifyLogin2" time="18.679"/>
  <system-out/>
  <testcase classname="TestCases.SampleExtentreport" name="verifyerror1" time="11.252"/>
  <system-out/>
  <testcase classname="TestCases.SampleExtentreport" name="verifyerror2" time="12.119"/>
  <system-out/>
  <testcase classname="TestCases.SampleExtentreport" name="verifyerror3" time="10.781"/>
  <system-out/>
  <testcase classname="TestCases.SampleExtentreport" name="verifyProductsPage1" time="16.138"/>
  <system-out/>
  <testcase classname="TestCases.SampleExtentreport" name="verifyProductsPage2" time="11.103"/>
  <system-out/>
  <testcase classname="TestCases.SampleExtentreport" name="verifyProductsPage3" time="7.182"/>
  <system-out/>
  <testcase classname="TestCases.SampleExtentreport" name="verifyProductsPage4" time="9.702"/>
  <system-out/>
  <testcase classname="TestCases.SampleExtentreport" name="verifyProductsPage5" time="13.004"/>
  <system-out/>
  <testcase classname="TestCases.SampleExtentreport" name="verifyProductsPage6" time="16.782"/>
  <system-out/>
  <testcase classname="TestCases.SampleExtentreport" name="verifyCheckoutPage1" time="15.863"/>
  <system-out/>
  <testcase classname="TestCases.SampleExtentreport" name="verifyCheckoutPage2" time="31.399"/>
  <system-out/>
</testsuite> <!-- TestCases.SampleExtentreport -->
